# JRE version: OpenJDK Runtime Environment (22.0.1+8) (build 22.0.1+8-16)
# Java VM: OpenJDK 64-Bit Server VM (22.0.1+8-16, mixed mode, emulated-client, sharing, tiered, compressed oops, compressed class ptrs, g1 gc, windows-amd64)
GC Precious Log:
 CardTable entry size: 512
 Card Set container configuration: InlinePtr #cards 4 size 8 Array Of Cards #cards 16 size 48 Howl #buckets 8 coarsen threshold 3686 Howl Bitmap #cards 512 size 80 coarsen threshold 460 Card regions per heap region 1 cards per card region 4096
 CPUs: 16 total, 16 available
 Memory: 15557M
 Large Page Support: Disabled
 NUMA Support: Disabled
 Compressed Oops: Enabled (Zero based)
 Heap Region Size: 2M
 Heap Min Capacity: 8M
 Heap Initial Capacity: 244M
 Heap Max Capacity: 3890M
 Pre-touch: Disabled
 Parallel Workers: 13
 Concurrent Workers: 3
 Concurrent Refinement Workers: 13
 Periodic GC: Disabled
Heap:
 garbage-first heap   total reserved 3983360K, committed 69632K, used 29441K [0x000000070ce00000, 0x0000000800000000)
  region size 2048K, 2 young (4096K), 2 survivors (4096K)
 Metaspace       used 61545K, committed 62272K, reserved 1114112K
  class space    used 8819K, committed 9152K, reserved 1048576K
GC Heap History (20 events):
Event: 1.003 GC heap after
{Heap after GC invocations=3 (full 0):
 garbage-first heap   total reserved 3983360K, committed 249856K, used 11256K [0x000000070ce00000, 0x0000000800000000)
  region size 2048K, 2 young (4096K), 2 survivors (4096K)
 Metaspace       used 15476K, committed 15808K, reserved 1114112K
  class space    used 2078K, committed 2240K, reserved 1048576K
}
Event: 1.149 GC heap before
{Heap before GC invocations=4 (full 0):
 garbage-first heap   total reserved 3983360K, committed 49152K, used 35832K [0x000000070ce00000, 0x0000000800000000)
  region size 2048K, 15 young (30720K), 2 survivors (4096K)
 Metaspace       used 20034K, committed 20416K, reserved 1114112K
  class space    used 2728K, committed 2880K, reserved 1048576K
}
Event: 1.153 GC heap after
{Heap after GC invocations=5 (full 0):
 garbage-first heap   total reserved 3983360K, committed 49152K, used 12997K [0x000000070ce00000, 0x0000000800000000)
  region size 2048K, 2 young (4096K), 2 survivors (4096K)
 Metaspace       used 20034K, committed 20416K, reserved 1114112K
  class space    used 2728K, committed 2880K, reserved 1048576K
}
Event: 1.380 GC heap before
{Heap before GC invocations=5 (full 0):
 garbage-first heap   total reserved 3983360K, committed 49152K, used 31429K [0x000000070ce00000, 0x0000000800000000)
  region size 2048K, 11 young (22528K), 2 survivors (4096K)
 Metaspace       used 22018K, committed 22464K, reserved 1114112K
  class space    used 2995K, committed 3200K, reserved 1048576K
}
Event: 1.387 GC heap after
{Heap after GC invocations=6 (full 0):
 garbage-first heap   total reserved 3983360K, committed 49152K, used 15373K [0x000000070ce00000, 0x0000000800000000)
  region size 2048K, 2 young (4096K), 2 survivors (4096K)
 Metaspace       used 22018K, committed 22464K, reserved 1114112K
  class space    used 2995K, committed 3200K, reserved 1048576K
}
Event: 1.615 GC heap before
{Heap before GC invocations=6 (full 0):
 garbage-first heap   total reserved 3983360K, committed 49152K, used 35853K [0x000000070ce00000, 0x0000000800000000)
  region size 2048K, 12 young (24576K), 2 survivors (4096K)
 Metaspace       used 23424K, committed 23872K, reserved 1114112K
  class space    used 3207K, committed 3392K, reserved 1048576K
}
Event: 1.629 GC heap after
{Heap after GC invocations=7 (full 0):
 garbage-first heap   total reserved 3983360K, committed 49152K, used 16921K [0x000000070ce00000, 0x0000000800000000)
  region size 2048K, 1 young (2048K), 1 survivors (2048K)
 Metaspace       used 23424K, committed 23872K, reserved 1114112K
  class space    used 3207K, committed 3392K, reserved 1048576K
}
Event: 1.908 GC heap before
{Heap before GC invocations=7 (full 0):
 garbage-first heap   total reserved 3983360K, committed 49152K, used 35353K [0x000000070ce00000, 0x0000000800000000)
  region size 2048K, 11 young (22528K), 1 survivors (2048K)
 Metaspace       used 26099K, committed 26496K, reserved 1114112K
  class space    used 3571K, committed 3776K, reserved 1048576K
}
Event: 1.913 GC heap after
{Heap after GC invocations=8 (full 0):
 garbage-first heap   total reserved 3983360K, committed 149504K, used 17946K [0x000000070ce00000, 0x0000000800000000)
  region size 2048K, 2 young (4096K), 2 survivors (4096K)
 Metaspace       used 26099K, committed 26496K, reserved 1114112K
  class space    used 3571K, committed 3776K, reserved 1048576K
}
Event: 2.516 GC heap before
{Heap before GC invocations=9 (full 0):
 garbage-first heap   total reserved 3983360K, committed 69632K, used 54810K [0x000000070ce00000, 0x0000000800000000)
  region size 2048K, 20 young (40960K), 2 survivors (4096K)
 Metaspace       used 31564K, committed 32128K, reserved 1114112K
  class space    used 4390K, committed 4608K, reserved 1048576K
}
Event: 2.524 GC heap after
{Heap after GC invocations=10 (full 0):
 garbage-first heap   total reserved 3983360K, committed 69632K, used 21152K [0x000000070ce00000, 0x0000000800000000)
  region size 2048K, 3 young (6144K), 3 survivors (6144K)
 Metaspace       used 31564K, committed 32128K, reserved 1114112K
  class space    used 4390K, committed 4608K, reserved 1048576K
}
Event: 3.031 GC heap before
{Heap before GC invocations=10 (full 0):
 garbage-first heap   total reserved 3983360K, committed 69632K, used 51872K [0x000000070ce00000, 0x0000000800000000)
  region size 2048K, 19 young (38912K), 3 survivors (6144K)
 Metaspace       used 38248K, committed 38848K, reserved 1114112K
  class space    used 5444K, committed 5696K, reserved 1048576K
}
Event: 3.045 GC heap after
{Heap after GC invocations=11 (full 0):
 garbage-first heap   total reserved 3983360K, committed 69632K, used 23138K [0x000000070ce00000, 0x0000000800000000)
  region size 2048K, 1 young (2048K), 1 survivors (2048K)
 Metaspace       used 38248K, committed 38848K, reserved 1114112K
  class space    used 5444K, committed 5696K, reserved 1048576K
}
Event: 3.641 GC heap before
{Heap before GC invocations=11 (full 0):
 garbage-first heap   total reserved 3983360K, committed 69632K, used 37474K [0x000000070ce00000, 0x0000000800000000)
  region size 2048K, 9 young (18432K), 1 survivors (2048K)
 Metaspace       used 43735K, committed 44288K, reserved 1114112K
  class space    used 6120K, committed 6336K, reserved 1048576K
}
Event: 3.645 GC heap after
{Heap after GC invocations=12 (full 0):
 garbage-first heap   total reserved 3983360K, committed 69632K, used 25444K [0x000000070ce00000, 0x0000000800000000)
  region size 2048K, 3 young (6144K), 3 survivors (6144K)
 Metaspace       used 43735K, committed 44288K, reserved 1114112K
  class space    used 6120K, committed 6336K, reserved 1048576K
}
Event: 5.698 GC heap before
{Heap before GC invocations=13 (full 0):
 garbage-first heap   total reserved 3983360K, committed 69632K, used 54116K [0x000000070ce00000, 0x0000000800000000)
  region size 2048K, 17 young (34816K), 3 survivors (6144K)
 Metaspace       used 51393K, committed 52032K, reserved 1114112K
  class space    used 7174K, committed 7424K, reserved 1048576K
}
Event: 5.705 GC heap after
{Heap after GC invocations=14 (full 0):
 garbage-first heap   total reserved 3983360K, committed 69632K, used 26819K [0x000000070ce00000, 0x0000000800000000)
  region size 2048K, 2 young (4096K), 2 survivors (4096K)
 Metaspace       used 51393K, committed 52032K, reserved 1114112K
  class space    used 7174K, committed 7424K, reserved 1048576K
}
Event: 6.167 GC heap before
{Heap before GC invocations=14 (full 0):
 garbage-first heap   total reserved 3983360K, committed 69632K, used 55491K [0x000000070ce00000, 0x0000000800000000)
  region size 2048K, 17 young (34816K), 2 survivors (4096K)
 Metaspace       used 58216K, committed 58880K, reserved 1114112K
  class space    used 8302K, committed 8576K, reserved 1048576K
}
Event: 6.173 GC heap after
{Heap after GC invocations=15 (full 0):
 garbage-first heap   total reserved 3983360K, committed 69632K, used 27918K [0x000000070ce00000, 0x0000000800000000)
  region size 2048K, 2 young (4096K), 2 survivors (4096K)
 Metaspace       used 58216K, committed 58880K, reserved 1114112K
  class space    used 8302K, committed 8576K, reserved 1048576K
}
Event: 13.726 GC heap before
{Heap before GC invocations=15 (full 0):
 garbage-first heap   total reserved 3983360K, committed 69632K, used 56590K [0x000000070ce00000, 0x0000000800000000)
  region size 2048K, 16 young (32768K), 2 survivors (4096K)
 Metaspace       used 61545K, committed 62272K, reserved 1114112K
  class space    used 8819K, committed 9152K, reserved 1048576K
}

